<?xml version="1.0" encoding="UTF-8"?>
<!-- Generated by org.testng.reporters.JUnitXMLReporter -->
<testsuite ignored="0" hostname="DESKTOP-1ECDSFV" failures="1" tests="5" name="Surefire test" time="10.674" errors="0" timestamp="2023-05-14T13:31:33 GMT-03:00">
  <testcase classname="com.spotify.oauth2.tests.PlaylistsTest" name="should_not_be_able_create_playlist_with_expired_token" time="8.193"/>
  <testcase classname="com.spotify.oauth2.tests.PlaylistsTest" name="should_not_be_able_create_playlist_without_name" time="9.941"/>
  <testcase classname="com.spotify.oauth2.tests.PlaylistsTest" name="get_playlist" time="10.085"/>
  <testcase classname="com.spotify.oauth2.tests.PlaylistsTest" name="create_playlist" time="10.203">
    <failure type="java.lang.AssertionError" message="
Expected: &amp;quot;Description-9909j900090Ag,ze99_&amp;quot;
     but: was null">
      <![CDATA[java.lang.AssertionError: 
Expected: "Description-9909j900090Ag,ze99_"
     but: was null
at org.hamcrest.MatcherAssert.assertThat(MatcherAssert.java:18)
at org.hamcrest.MatcherAssert.assertThat(MatcherAssert.java:6)
at com.spotify.oauth2.tests.PlaylistsTest.assertPlaylistEqual(PlaylistsTest.java:108)
at com.spotify.oauth2.tests.PlaylistsTest.create_playlist(PlaylistsTest.java:41)
at java.base/java.util.concurrent.ThreadPoolExecutor.runWorker(ThreadPoolExecutor.java:1130)
at java.base/java.util.concurrent.ThreadPoolExecutor$Worker.run(ThreadPoolExecutor.java:630)
at java.base/java.lang.Thread.run(Thread.java:832)
... Removed 12 stack frames]]>
    </failure>
  </testcase> <!-- create_playlist -->
  <testcase classname="com.spotify.oauth2.tests.PlaylistsTest" name="update_playlist" time="10.161"/>
</testsuite> <!-- Surefire test -->
