<?xml version="1.0" encoding="UTF-8"?>
<!-- Generated by org.testng.reporters.JUnitXMLReporter -->
<testsuite ignored="0" hostname="DESKTOP-1ECDSFV" failures="1" tests="5" name="Surefire test" time="7.519" errors="0" timestamp="2023-05-13T02:24:57 GMT-03:00">
  <testcase classname="com.spotify.oauth2.tests.PlaylistsTest" name="create_playlist" time="6.031"/>
  <testcase classname="com.spotify.oauth2.tests.PlaylistsTest" name="get_playlist" time="0.338">
    <failure type="java.lang.AssertionError" message="
Expected: &amp;quot;DescriÃ§Ã£o API 2&amp;quot;
     but: was &amp;quot;Descrição API 2&amp;quot;">
      <![CDATA[java.lang.AssertionError: 
Expected: "DescriÃ§Ã£o API 2"
     but: was "Descrição API 2"
at org.hamcrest.MatcherAssert.assertThat(MatcherAssert.java:18)
at org.hamcrest.MatcherAssert.assertThat(MatcherAssert.java:6)
at com.spotify.oauth2.tests.PlaylistsTest.assertPlaylistEqual(PlaylistsTest.java:105)
at com.spotify.oauth2.tests.PlaylistsTest.get_playlist(PlaylistsTest.java:52)
at java.base/java.util.ArrayList.forEach(ArrayList.java:1511)
... Removed 32 stack frames]]>
    </failure>
  </testcase> <!-- get_playlist -->
  <testcase classname="com.spotify.oauth2.tests.PlaylistsTest" name="should_not_be_able_create_playlist_with_expired_token" time="0.238"/>
  <testcase classname="com.spotify.oauth2.tests.PlaylistsTest" name="should_not_be_able_create_playlist_without_name" time="0.313"/>
  <testcase classname="com.spotify.oauth2.tests.PlaylistsTest" name="update_playlist" time="0.367"/>
</testsuite> <!-- Surefire test -->
