<?xml version="1.0" encoding="UTF-8"?>
<testsuite xmlns:xsi="http://www.w3.org/2001/XMLSchema-instance" xsi:noNamespaceSchemaLocation="https://maven.apache.org/surefire/maven-surefire-plugin/xsd/surefire-test-report-3.0.xsd" version="3.0" name="TestSuite" time="13.752" tests="5" errors="0" skipped="0" failures="1">
  <properties>
[...]
</properties>
  <testcase name="should_not_be_able_create_playlist_with_expired_token" classname="com.spotify.oauth2.tests.PlaylistsTest" time="8.243">
    <system-out><![CDATA[STARTING TEST should_not_be_able_create_playlist_without_name
STARTING TEST update_playlist
THREAD ID 24
THREAD ID 23
STARTING TEST get_playlist
THREAD ID 21
STARTING TEST should_not_be_able_create_playlist_with_expired_token
THREAD ID 22
STARTING TEST create_playlist
THREAD ID 20
Request method:	POST
Request URI:	https://accounts.spotify.com/api/token
Proxy:			<none>
Request params:	<none>
Query params:	<none>
Form params:	refresh_token=AQCjDx1a7uDcu5bVX5VUaEnPRHtFGakfTv-HUW-HtFkd1W7XUB3ms-NtRSlYqP2s_5jbZlAyigsurhc4ZTtIncYXffxYGsNsWwUHvWCVu4_9wOoWYvAZzDNdCr46TyvFddQ
				grant_type=refresh_token
				client_secret=913d174602b6457cb7d4cbf64b240c4a
				client_id=6072fcff6c9e4999b080218ec025ce39
Path params:	<none>
Headers:		Accept=*/*
				Content-Type=application/x-www-form-urlencoded; charset=ISO-8859-1
Cookies:		<none>
Multiparts:		<none>
Body:			<none>
Request method:	POST
Request URI:	https://api.spotify.com/v1/users/22c4ik3nkrsqpzpdcsgfopjfa/playlists
Proxy:			<none>
Request params:	<none>
Query params:	<none>
Form params:	<none>
Path params:	<none>
Headers:		Accept=*/*
				Content-Type=application/json
Cookies:		<none>
Multiparts:		<none>
Body:
{
    "description": "Description99zU90eNM-_rUo,BM_H-",
    "name": "Playlist90,Y0,0kpI",
    "public": true
}
HTTP/1.1 401 Unauthorized
www-authenticate: Bearer realm="spotify", error="invalid_token", error_description="Invalid access token"
access-control-allow-origin: *
access-control-allow-headers: Accept, App-Platform, Authorization, Content-Type, Origin, Retry-After, Spotify-App-Version, X-Cloud-Trace-Context, client-token, content-access-token
access-control-allow-methods: GET, POST, OPTIONS, PUT, DELETE, PATCH
access-control-allow-credentials: true
access-control-max-age: 604800
content-type: application/json
content-encoding: gzip
strict-transport-security: max-age=31536000
x-content-type-options: nosniff
date: Sun, 14 May 2023 16:31:30 GMT
server: envoy
Via: HTTP/2 edgeproxy, 1.1 google
Alt-Svc: h3=":443"; ma=2592000,h3-29=":443"; ma=2592000
Transfer-Encoding: chunked

{
    "error": {
        "status": 401,
        "message": "Invalid access token"
    }
}
HTTP/1.1 200 OK
date: Sun, 14 May 2023 16:31:30 GMT
content-type: application/json
vary: Accept-Encoding
set-cookie: __Host-device_id=AQAGJeuuXypUkDJuT2sRNWlB8KIJEyI03a48DkdTADJuhPBWQCfd8l1uYOzj66jAXcedlIgj61WDPWEIwY9jHAq5iCu_Wbs0mOg;Version=1;Path=/;Max-Age=2147483647;Secure;HttpOnly;SameSite=Lax
set-cookie: sp_tr=false;Version=1;Domain=accounts.spotify.com;Path=/;Secure;SameSite=Lax
sp-trace-id: 28debae2240aa4e5
content-encoding: gzip
x-envoy-upstream-service-time: 29
server: envoy
strict-transport-security: max-age=31536000
x-content-type-options: nosniff
Via: HTTP/2 edgeproxy, 1.1 google
Alt-Svc: h3=":443"; ma=2592000,h3-29=":443"; ma=2592000
Transfer-Encoding: chunked

{
    "access_token": "BQDaqthQLgDxZjO5pQVSKlEi00mA-H6Q-BUhdWFqyHV8_VnS5ourYafRi1R6m-8wHGodVooeb9VDU0Q1Ax64GIiTDbgd94-m5ADGO7Nj68DXaEfC7fUrsD9cu_MFGOQzRHaYfeuI2yLhJhXfk6eTgxqNogeh_2nV-61R59KVvDTC1USqj6oC8X47Mkkgm2sDsUCP-EwYzdgj2lcIT4QmpTU2TLrCBrbKboAcujztRY0Pqz9ZzcUJCLscJUuqTEmTgRtHjhLB7tCQQQ",
    "token_type": "Bearer",
    "expires_in": 3600,
    "scope": "playlist-read-private playlist-read-collaborative playlist-modify-private playlist-modify-public"
}
]]></system-out>
    <system-err><![CDATA[SLF4J: Failed to load class "org.slf4j.impl.StaticLoggerBinder".
SLF4J: Defaulting to no-operation (NOP) logger implementation
SLF4J: See http://www.slf4j.org/codes.html#StaticLoggerBinder for further details.
]]></system-err>
  </testcase>
  <testcase name="should_not_be_able_create_playlist_without_name" classname="com.spotify.oauth2.tests.PlaylistsTest" time="9.947">
    <system-out><![CDATA[Token is Valid
Token is Valid
Token is Valid
Request method:	POST
Request URI:	https://api.spotify.com/v1/users/22c4ik3nkrsqpzpdcsgfopjfa/playlists
Proxy:			<none>
Request params:	<none>
Query params:	<none>
Form params:	<none>
Path params:	<none>
Headers:		Accept=*/*
				Content-Type=application/json
Cookies:		<none>
Multiparts:		<none>
Body:
{
    "description": "Description99,,00M0f-D,W99,TJo-",
    "name": "",
    "public": true
}
Request method:	GET
Request URI:	https://api.spotify.com/v1/playlists/27L5BsZ3akYGPINyxe4zTJ
Proxy:			<none>
Request params:	<none>
Query params:	<none>
Form params:	<none>
Path params:	<none>
Headers:		Accept=*/*
				Content-Type=application/json
Cookies:		<none>
Multiparts:		<none>
Body:			<none>
Request method:	POST
Request URI:	https://api.spotify.com/v1/users/22c4ik3nkrsqpzpdcsgfopjfa/playlists
Proxy:			<none>
Request params:	<none>
Query params:	<none>
Form params:	<none>
Path params:	<none>
Headers:		Accept=*/*
				Content-Type=application/json
Cookies:		<none>
Multiparts:		<none>
Body:
{
    "description": "Description-9909j900090Ag,ze99_",
    "name": "Playlist-0,909__h9",
    "public": false
}
Request method:	PUT
Request URI:	https://api.spotify.com/v1/playlists/27L5BsZ3akYGPINyxe4zTJ
Proxy:			<none>
Request params:	<none>
Query params:	<none>
Form params:	<none>
Path params:	<none>
Headers:		Accept=*/*
				Content-Type=application/json
Cookies:		<none>
Multiparts:		<none>
Body:
{
    "description": "DescriÃ§Ã£o API 2",
    "name": "Playlist API 2",
    "public": true
}
HTTP/1.1 400 Bad Request
content-type: application/json; charset=utf-8
cache-control: private, max-age=0
x-robots-tag: noindex, nofollow
access-control-allow-origin: *
access-control-allow-headers: Accept, App-Platform, Authorization, Content-Type, Origin, Retry-After, Spotify-App-Version, X-Cloud-Trace-Context, client-token, content-access-token
access-control-allow-methods: GET, POST, OPTIONS, PUT, DELETE, PATCH
access-control-allow-credentials: true
access-control-max-age: 604800
content-encoding: gzip
strict-transport-security: max-age=31536000
x-content-type-options: nosniff
date: Sun, 14 May 2023 16:31:32 GMT
server: envoy
Via: HTTP/2 edgeproxy, 1.1 google
Alt-Svc: h3=":443"; ma=2592000,h3-29=":443"; ma=2592000
Transfer-Encoding: chunked

{
    "error": {
        "status": 400,
        "message": "Missing required field: name"
    }
}
]]></system-out>
  </testcase>
  <testcase name="get_playlist" classname="com.spotify.oauth2.tests.PlaylistsTest" time="10.07">
    <system-out><![CDATA[HTTP/1.1 200 OK
content-type: application/json; charset=utf-8
cache-control: public, max-age=0
etag: "MC-IjdjZTBjMzg0Y2Y3OTFiYTUzYmIyMzFiZmZlODdhZGY3Ig=="
x-robots-tag: noindex, nofollow
access-control-allow-origin: *
access-control-allow-headers: Accept, App-Platform, Authorization, Content-Type, Origin, Retry-After, Spotify-App-Version, X-Cloud-Trace-Context, client-token, content-access-token
access-control-allow-methods: GET, POST, OPTIONS, PUT, DELETE, PATCH
access-control-allow-credentials: true
access-control-max-age: 604800
content-encoding: gzip
strict-transport-security: max-age=31536000
x-content-type-options: nosniff
date: Sun, 14 May 2023 16:31:32 GMT
server: envoy
Via: HTTP/2 edgeproxy, 1.1 google
Alt-Svc: h3=":443"; ma=2592000,h3-29=":443"; ma=2592000
Transfer-Encoding: chunked

{
    "collaborative": false,
    "description": "DescriÃ§Ã£o API 2",
    "external_urls": {
        "spotify": "https://open.spotify.com/playlist/27L5BsZ3akYGPINyxe4zTJ"
    },
    "followers": {
        "href": null,
        "total": 0
    },
    "href": "https://api.spotify.com/v1/playlists/27L5BsZ3akYGPINyxe4zTJ",
    "id": "27L5BsZ3akYGPINyxe4zTJ",
    "images": [
        
    ],
    "name": "Playlist API 2",
    "owner": {
        "display_name": "22c4ik3nkrsqpzpdcsgfopjfa",
        "external_urls": {
            "spotify": "https://open.spotify.com/user/22c4ik3nkrsqpzpdcsgfopjfa"
        },
        "href": "https://api.spotify.com/v1/users/22c4ik3nkrsqpzpdcsgfopjfa",
        "id": "22c4ik3nkrsqpzpdcsgfopjfa",
        "type": "user",
        "uri": "spotify:user:22c4ik3nkrsqpzpdcsgfopjfa"
    },
    "primary_color": null,
    "public": true,
    "snapshot_id": "OSw2NTNlOWE3MjNhMDM4NTBiMGViODcyNTQ5ZDExZjQwYzU5NGE0NmZh",
    "tracks": {
        "href": "https://api.spotify.com/v1/playlists/27L5BsZ3akYGPINyxe4zTJ/tracks?offset=0&limit=100",
        "items": [
            
        ],
        "limit": 100,
        "next": null,
        "offset": 0,
        "previous": null,
        "total": 0
    },
    "type": "playlist",
    "uri": "spotify:playlist:27L5BsZ3akYGPINyxe4zTJ"
}
]]></system-out>
  </testcase>
  <testcase name="create_playlist" classname="com.spotify.oauth2.tests.PlaylistsTest" time="10.2">
    <failure message="&#10;Expected: &quot;Description-9909j900090Ag,ze99_&quot;&#10;     but: was null" type="java.lang.AssertionError"><![CDATA[java.lang.AssertionError: 

Expected: "Description-9909j900090Ag,ze99_"
     but: was null
	at org.hamcrest.MatcherAssert.assertThat(MatcherAssert.java:18)
	at org.hamcrest.MatcherAssert.assertThat(MatcherAssert.java:6)
	at com.spotify.oauth2.tests.PlaylistsTest.assertPlaylistEqual(PlaylistsTest.java:108)
	at com.spotify.oauth2.tests.PlaylistsTest.create_playlist(PlaylistsTest.java:41)
	at java.base/jdk.internal.reflect.NativeMethodAccessorImpl.invoke0(Native Method)
	at java.base/jdk.internal.reflect.NativeMethodAccessorImpl.invoke(NativeMethodAccessorImpl.java:64)
	at java.base/jdk.internal.reflect.DelegatingMethodAccessorImpl.invoke(DelegatingMethodAccessorImpl.java:43)
	at java.base/java.lang.reflect.Method.invoke(Method.java:564)
	at org.testng.internal.invokers.MethodInvocationHelper.invokeMethod(MethodInvocationHelper.java:139)
	at org.testng.internal.invokers.TestInvoker.invokeMethod(TestInvoker.java:677)
	at org.testng.internal.invokers.TestInvoker.invokeTestMethod(TestInvoker.java:221)
	at org.testng.internal.invokers.MethodRunner.runInSequence(MethodRunner.java:50)
	at org.testng.internal.invokers.TestInvoker$MethodInvocationAgent.invoke(TestInvoker.java:969)
	at org.testng.internal.invokers.TestInvoker.invokeTestMethods(TestInvoker.java:194)
	at org.testng.internal.invokers.TestMethodWorker.invokeTestMethods(TestMethodWorker.java:148)
	at org.testng.internal.invokers.TestMethodWorker.run(TestMethodWorker.java:128)
	at java.base/java.util.concurrent.ThreadPoolExecutor.runWorker(ThreadPoolExecutor.java:1130)
	at java.base/java.util.concurrent.ThreadPoolExecutor$Worker.run(ThreadPoolExecutor.java:630)
	at java.base/java.lang.Thread.run(Thread.java:832)
]]></failure>
    <system-out><![CDATA[HTTP/1.1 201 Created
content-type: application/json; charset=utf-8
cache-control: private, max-age=0
location: https://api.spotify.com/v1/playlists/2gb2yRv5Ougz5bS77brP34
x-robots-tag: noindex, nofollow
access-control-allow-origin: *
access-control-allow-headers: Accept, App-Platform, Authorization, Content-Type, Origin, Retry-After, Spotify-App-Version, X-Cloud-Trace-Context, client-token, content-access-token
access-control-allow-methods: GET, POST, OPTIONS, PUT, DELETE, PATCH
access-control-allow-credentials: true
access-control-max-age: 604800
content-encoding: gzip
strict-transport-security: max-age=31536000
x-content-type-options: nosniff
date: Sun, 14 May 2023 16:31:33 GMT
server: envoy
Via: HTTP/2 edgeproxy, 1.1 google
Alt-Svc: h3=":443"; ma=2592000,h3-29=":443"; ma=2592000
Transfer-Encoding: chunked

{
    "collaborative": false,
    "description": null,
    "external_urls": {
        "spotify": "https://open.spotify.com/playlist/2gb2yRv5Ougz5bS77brP34"
    },
    "followers": {
        "href": null,
        "total": 0
    },
    "href": "https://api.spotify.com/v1/playlists/2gb2yRv5Ougz5bS77brP34",
    "id": "2gb2yRv5Ougz5bS77brP34",
    "images": [
        
    ],
    "name": "Playlist-0,909__h9",
    "owner": {
        "display_name": "22c4ik3nkrsqpzpdcsgfopjfa",
        "external_urls": {
            "spotify": "https://open.spotify.com/user/22c4ik3nkrsqpzpdcsgfopjfa"
        },
        "href": "https://api.spotify.com/v1/users/22c4ik3nkrsqpzpdcsgfopjfa",
        "id": "22c4ik3nkrsqpzpdcsgfopjfa",
        "type": "user",
        "uri": "spotify:user:22c4ik3nkrsqpzpdcsgfopjfa"
    },
    "primary_color": null,
    "public": false,
    "snapshot_id": "MSw5NTM2OGMwNDg3ZGRhOTUxMmViODJkOWIxZmI5NWNiZDNjMmI5Mzdh",
    "tracks": {
        "href": "https://api.spotify.com/v1/playlists/2gb2yRv5Ougz5bS77brP34/tracks",
        "items": [
            
        ],
        "limit": 100,
        "next": null,
        "offset": 0,
        "previous": null,
        "total": 0
    },
    "type": "playlist",
    "uri": "spotify:playlist:2gb2yRv5Ougz5bS77brP34"
}
]]></system-out>
  </testcase>
  <testcase name="update_playlist" classname="com.spotify.oauth2.tests.PlaylistsTest" time="10.202"/>
</testsuite>