<?xml version="1.0" encoding="UTF-8"?>
<testng-results ignored="0" total="5" passed="4" failed="1" skipped="0">
  <reporter-output>
  </reporter-output>
  <suite started-at="2023-05-14T13:31:22 GMT-03:00" name="Surefire suite" finished-at="2023-05-14T13:31:33 GMT-03:00" duration-ms="10674">
    <groups>
    </groups>
    <test started-at="2023-05-14T13:31:22 GMT-03:00" name="Surefire test" finished-at="2023-05-14T13:31:33 GMT-03:00" duration-ms="10674">
      <class name="com.spotify.oauth2.tests.PlaylistsTest">
        <test-method is-config="true" signature="beforeMethod(java.lang.reflect.Method)[pri:0, instance:com.spotify.oauth2.tests.PlaylistsTest@5bdd5689]" started-at="2023-05-14T13:31:22 GMT-03:00" name="beforeMethod" finished-at="2023-05-14T13:31:23 GMT-03:00" duration-ms="52" status="PASS">
          <params>
            <param index="0">
              <value>
                <![CDATA[public void com.spotify.oauth2.tests.PlaylistsTest.should_not_be_able_create_playlist_without_name()]]>
              </value>
            </param>
          </params>
          <reporter-output>
          </reporter-output>
        </test-method> <!-- beforeMethod -->
        <test-method is-config="true" signature="beforeMethod(java.lang.reflect.Method)[pri:0, instance:com.spotify.oauth2.tests.PlaylistsTest@5bdd5689]" started-at="2023-05-14T13:31:22 GMT-03:00" name="beforeMethod" finished-at="2023-05-14T13:31:23 GMT-03:00" duration-ms="51" status="PASS">
          <params>
            <param index="0">
              <value>
                <![CDATA[public void com.spotify.oauth2.tests.PlaylistsTest.get_playlist()]]>
              </value>
            </param>
          </params>
          <reporter-output>
          </reporter-output>
        </test-method> <!-- beforeMethod -->
        <test-method is-config="true" signature="beforeMethod(java.lang.reflect.Method)[pri:0, instance:com.spotify.oauth2.tests.PlaylistsTest@5bdd5689]" started-at="2023-05-14T13:31:22 GMT-03:00" name="beforeMethod" finished-at="2023-05-14T13:31:23 GMT-03:00" duration-ms="52" status="PASS">
          <params>
            <param index="0">
              <value>
                <![CDATA[public void com.spotify.oauth2.tests.PlaylistsTest.create_playlist()]]>
              </value>
            </param>
          </params>
          <reporter-output>
          </reporter-output>
        </test-method> <!-- beforeMethod -->
        <test-method is-config="true" signature="beforeMethod(java.lang.reflect.Method)[pri:0, instance:com.spotify.oauth2.tests.PlaylistsTest@5bdd5689]" started-at="2023-05-14T13:31:22 GMT-03:00" name="beforeMethod" finished-at="2023-05-14T13:31:23 GMT-03:00" duration-ms="50" status="PASS">
          <params>
            <param index="0">
              <value>
                <![CDATA[public void com.spotify.oauth2.tests.PlaylistsTest.should_not_be_able_create_playlist_with_expired_token()]]>
              </value>
            </param>
          </params>
          <reporter-output>
          </reporter-output>
        </test-method> <!-- beforeMethod -->
        <test-method is-config="true" signature="beforeMethod(java.lang.reflect.Method)[pri:0, instance:com.spotify.oauth2.tests.PlaylistsTest@5bdd5689]" started-at="2023-05-14T13:31:23 GMT-03:00" name="beforeMethod" finished-at="2023-05-14T13:31:23 GMT-03:00" duration-ms="42" status="PASS">
          <params>
            <param index="0">
              <value>
                <![CDATA[public void com.spotify.oauth2.tests.PlaylistsTest.update_playlist()]]>
              </value>
            </param>
          </params>
          <reporter-output>
          </reporter-output>
        </test-method> <!-- beforeMethod -->
        <test-method signature="should_not_be_able_create_playlist_with_expired_token()[pri:0, instance:com.spotify.oauth2.tests.PlaylistsTest@5bdd5689]" started-at="2023-05-14T13:31:23 GMT-03:00" name="should_not_be_able_create_playlist_with_expired_token" finished-at="2023-05-14T13:31:31 GMT-03:00" duration-ms="8193" status="PASS">
          <reporter-output>
          </reporter-output>
        </test-method> <!-- should_not_be_able_create_playlist_with_expired_token -->
        <test-method signature="create_playlist()[pri:0, instance:com.spotify.oauth2.tests.PlaylistsTest@5bdd5689]" started-at="2023-05-14T13:31:23 GMT-03:00" name="create_playlist" description="creates a playlist" finished-at="2023-05-14T13:31:33 GMT-03:00" duration-ms="10203" status="FAIL">
          <exception class="java.lang.AssertionError">
            <message>
              <![CDATA[
Expected: "Description-9909j900090Ag,ze99_"
     but: was null]]>
            </message>
            <full-stacktrace>
              <![CDATA[java.lang.AssertionError: 
Expected: "Description-9909j900090Ag,ze99_"
     but: was null
at org.hamcrest.MatcherAssert.assertThat(MatcherAssert.java:18)
at org.hamcrest.MatcherAssert.assertThat(MatcherAssert.java:6)
at com.spotify.oauth2.tests.PlaylistsTest.assertPlaylistEqual(PlaylistsTest.java:108)
at com.spotify.oauth2.tests.PlaylistsTest.create_playlist(PlaylistsTest.java:41)
at java.base/jdk.internal.reflect.NativeMethodAccessorImpl.invoke0(Native Method)
at java.base/jdk.internal.reflect.NativeMethodAccessorImpl.invoke(NativeMethodAccessorImpl.java:64)
at java.base/jdk.internal.reflect.DelegatingMethodAccessorImpl.invoke(DelegatingMethodAccessorImpl.java:43)
at java.base/java.lang.reflect.Method.invoke(Method.java:564)
at org.testng.internal.invokers.MethodInvocationHelper.invokeMethod(MethodInvocationHelper.java:139)
at org.testng.internal.invokers.TestInvoker.invokeMethod(TestInvoker.java:677)
at org.testng.internal.invokers.TestInvoker.invokeTestMethod(TestInvoker.java:221)
at org.testng.internal.invokers.MethodRunner.runInSequence(MethodRunner.java:50)
at org.testng.internal.invokers.TestInvoker$MethodInvocationAgent.invoke(TestInvoker.java:969)
at org.testng.internal.invokers.TestInvoker.invokeTestMethods(TestInvoker.java:194)
at org.testng.internal.invokers.TestMethodWorker.invokeTestMethods(TestMethodWorker.java:148)
at org.testng.internal.invokers.TestMethodWorker.run(TestMethodWorker.java:128)
at java.base/java.util.concurrent.ThreadPoolExecutor.runWorker(ThreadPoolExecutor.java:1130)
at java.base/java.util.concurrent.ThreadPoolExecutor$Worker.run(ThreadPoolExecutor.java:630)
at java.base/java.lang.Thread.run(Thread.java:832)
]]>
            </full-stacktrace>
          </exception> <!-- java.lang.AssertionError -->
          <reporter-output>
          </reporter-output>
        </test-method> <!-- create_playlist -->
        <test-method signature="get_playlist()[pri:0, instance:com.spotify.oauth2.tests.PlaylistsTest@5bdd5689]" started-at="2023-05-14T13:31:23 GMT-03:00" name="get_playlist" finished-at="2023-05-14T13:31:33 GMT-03:00" duration-ms="10085" status="PASS">
          <reporter-output>
          </reporter-output>
        </test-method> <!-- get_playlist -->
        <test-method signature="update_playlist()[pri:0, instance:com.spotify.oauth2.tests.PlaylistsTest@5bdd5689]" started-at="2023-05-14T13:31:23 GMT-03:00" name="update_playlist" finished-at="2023-05-14T13:31:33 GMT-03:00" duration-ms="10161" status="PASS">
          <reporter-output>
          </reporter-output>
        </test-method> <!-- update_playlist -->
        <test-method signature="should_not_be_able_create_playlist_without_name()[pri:0, instance:com.spotify.oauth2.tests.PlaylistsTest@5bdd5689]" started-at="2023-05-14T13:31:23 GMT-03:00" name="should_not_be_able_create_playlist_without_name" finished-at="2023-05-14T13:31:33 GMT-03:00" duration-ms="9941" status="PASS">
          <reporter-output>
          </reporter-output>
        </test-method> <!-- should_not_be_able_create_playlist_without_name -->
      </class> <!-- com.spotify.oauth2.tests.PlaylistsTest -->
    </test> <!-- Surefire test -->
  </suite> <!-- Surefire suite -->
</testng-results>
