<?xml version="1.0" encoding="UTF-8"?>
<testsuite xmlns:xsi="http://www.w3.org/2001/XMLSchema-instance" xsi:noNamespaceSchemaLocation="https://maven.apache.org/surefire/maven-surefire-plugin/xsd/surefire-test-report-3.0.xsd" version="3.0" name="com.spotify.oauth2.tests.PlaylistsTest" time="9.641" tests="5" errors="0" skipped="0" failures="1">
  <properties>
[...]
</properties>
  <testcase name="create_playlist" classname="com.spotify.oauth2.tests.PlaylistsTest" time="6.139">
    <system-out><![CDATA[Request method:	POST
Request URI:	https://accounts.spotify.com/api/token
Proxy:			<none>
Request params:	<none>
Query params:	<none>
Form params:	refresh_token=AQCjDx1a7uDcu5bVX5VUaEnPRHtFGakfTv-HUW-HtFkd1W7XUB3ms-NtRSlYqP2s_5jbZlAyigsurhc4ZTtIncYXffxYGsNsWwUHvWCVu4_9wOoWYvAZzDNdCr46TyvFddQ
				grant_type=refresh_token
				client_secret=913d174602b6457cb7d4cbf64b240c4a
				client_id=6072fcff6c9e4999b080218ec025ce39
Path params:	<none>
Headers:		Accept=*/*
				Content-Type=application/x-www-form-urlencoded; charset=ISO-8859-1
Cookies:		<none>
Multiparts:		<none>
Body:			<none>
HTTP/1.1 200 OK
date: Sat, 13 May 2023 05:24:52 GMT
content-type: application/json
vary: Accept-Encoding
set-cookie: __Host-device_id=AQDtiv6UBsw3-xJSRCxU0hJw9eqb8sfs8NdJbE2P1NG_y7c1T35JaKwVvKEE5nl4lIu1eObCQVI9_P1pbr6Mfg-uO6QWwr2KmSk;Version=1;Path=/;Max-Age=2147483647;Secure;HttpOnly;SameSite=Lax
set-cookie: sp_tr=false;Version=1;Domain=accounts.spotify.com;Path=/;Secure;SameSite=Lax
sp-trace-id: 9894f3ae8a96498c
content-encoding: gzip
x-envoy-upstream-service-time: 25
server: envoy
strict-transport-security: max-age=31536000
x-content-type-options: nosniff
Via: HTTP/2 edgeproxy, 1.1 google
Alt-Svc: h3=":443"; ma=2592000,h3-29=":443"; ma=2592000
Transfer-Encoding: chunked

{
    "access_token": "BQAimWVqyq12F14cDFRYWSlozAbxKL3RBGLx_oKQvHCU-gVGzgVDqZGwBPoZy00TW3wg_VKAfQKnMIviiQeJ9mQhy3xHKeI2Bq9zm2JtZAq5mBlN6jX4eP9TMroUBd8hBSzWQvjnu_AF5FcEyeNxN27Vkplnppz2RNjgvugS0w-5kjncg1RCu1QJVcuBVReOyFyur2fvo2uarsman_zJxgRbpHAdD7naUrw5xhLpLXQSDGTUU7emVx0hHKIMvneMAlTiB6JJUttO8A",
    "token_type": "Bearer",
    "expires_in": 3600,
    "scope": "playlist-read-private playlist-read-collaborative playlist-modify-private playlist-modify-public"
}
Request method:	POST
Request URI:	https://api.spotify.com/v1/users/22c4ik3nkrsqpzpdcsgfopjfa/playlists
Proxy:			<none>
Request params:	<none>
Query params:	<none>
Form params:	<none>
Path params:	<none>
Headers:		Authorization=Bearer BQAimWVqyq12F14cDFRYWSlozAbxKL3RBGLx_oKQvHCU-gVGzgVDqZGwBPoZy00TW3wg_VKAfQKnMIviiQeJ9mQhy3xHKeI2Bq9zm2JtZAq5mBlN6jX4eP9TMroUBd8hBSzWQvjnu_AF5FcEyeNxN27Vkplnppz2RNjgvugS0w-5kjncg1RCu1QJVcuBVReOyFyur2fvo2uarsman_zJxgRbpHAdD7naUrw5xhLpLXQSDGTUU7emVx0hHKIMvneMAlTiB6JJUttO8A
				Accept=*/*
				Content-Type=application/json
Cookies:		<none>
Multiparts:		<none>
Body:
{
    "description": "New Playlist Description",
    "name": "New Playlist",
    "public": false
}
HTTP/1.1 201 Created
content-type: application/json; charset=utf-8
cache-control: private, max-age=0
location: https://api.spotify.com/v1/playlists/3GpuyQ1R7MlRIxnq5tcftT
x-robots-tag: noindex, nofollow
access-control-allow-origin: *
access-control-allow-headers: Accept, App-Platform, Authorization, Content-Type, Origin, Retry-After, Spotify-App-Version, X-Cloud-Trace-Context, client-token, content-access-token
access-control-allow-methods: GET, POST, OPTIONS, PUT, DELETE, PATCH
access-control-allow-credentials: true
access-control-max-age: 604800
content-encoding: gzip
strict-transport-security: max-age=31536000
x-content-type-options: nosniff
date: Sat, 13 May 2023 05:24:54 GMT
server: envoy
Via: HTTP/2 edgeproxy, 1.1 google
Alt-Svc: h3=":443"; ma=2592000,h3-29=":443"; ma=2592000
Transfer-Encoding: chunked

{
    "collaborative": false,
    "description": "New Playlist Description",
    "external_urls": {
        "spotify": "https://open.spotify.com/playlist/3GpuyQ1R7MlRIxnq5tcftT"
    },
    "followers": {
        "href": null,
        "total": 0
    },
    "href": "https://api.spotify.com/v1/playlists/3GpuyQ1R7MlRIxnq5tcftT",
    "id": "3GpuyQ1R7MlRIxnq5tcftT",
    "images": [
        
    ],
    "name": "New Playlist",
    "owner": {
        "display_name": "22c4ik3nkrsqpzpdcsgfopjfa",
        "external_urls": {
            "spotify": "https://open.spotify.com/user/22c4ik3nkrsqpzpdcsgfopjfa"
        },
        "href": "https://api.spotify.com/v1/users/22c4ik3nkrsqpzpdcsgfopjfa",
        "id": "22c4ik3nkrsqpzpdcsgfopjfa",
        "type": "user",
        "uri": "spotify:user:22c4ik3nkrsqpzpdcsgfopjfa"
    },
    "primary_color": null,
    "public": false,
    "snapshot_id": "MSw1YjEwZDIzYzZkZmIzYjVjMjhkMjc5YWNjOTU3NjE1ODhkZDE5YmI1",
    "tracks": {
        "href": "https://api.spotify.com/v1/playlists/3GpuyQ1R7MlRIxnq5tcftT/tracks",
        "items": [
            
        ],
        "limit": 100,
        "next": null,
        "offset": 0,
        "previous": null,
        "total": 0
    },
    "type": "playlist",
    "uri": "spotify:playlist:3GpuyQ1R7MlRIxnq5tcftT"
}
]]></system-out>
    <system-err><![CDATA[SLF4J: Failed to load class "org.slf4j.impl.StaticLoggerBinder".
SLF4J: Defaulting to no-operation (NOP) logger implementation
SLF4J: See http://www.slf4j.org/codes.html#StaticLoggerBinder for further details.
]]></system-err>
  </testcase>
  <testcase name="get_playlist" classname="com.spotify.oauth2.tests.PlaylistsTest" time="0.349">
    <failure message="&#10;Expected: &quot;DescriÃ§Ã£o API 2&quot;&#10;     but: was &quot;Descrição API 2&quot;" type="java.lang.AssertionError"><![CDATA[java.lang.AssertionError: 

Expected: "DescriÃ§Ã£o API 2"
     but: was "Descrição API 2"
	at org.hamcrest.MatcherAssert.assertThat(MatcherAssert.java:18)
	at org.hamcrest.MatcherAssert.assertThat(MatcherAssert.java:6)
	at com.spotify.oauth2.tests.PlaylistsTest.assertPlaylistEqual(PlaylistsTest.java:105)
	at com.spotify.oauth2.tests.PlaylistsTest.get_playlist(PlaylistsTest.java:52)
	at java.base/jdk.internal.reflect.NativeMethodAccessorImpl.invoke0(Native Method)
	at java.base/jdk.internal.reflect.NativeMethodAccessorImpl.invoke(NativeMethodAccessorImpl.java:64)
	at java.base/jdk.internal.reflect.DelegatingMethodAccessorImpl.invoke(DelegatingMethodAccessorImpl.java:43)
	at java.base/java.lang.reflect.Method.invoke(Method.java:564)
	at org.testng.internal.invokers.MethodInvocationHelper.invokeMethod(MethodInvocationHelper.java:139)
	at org.testng.internal.invokers.TestInvoker.invokeMethod(TestInvoker.java:677)
	at org.testng.internal.invokers.TestInvoker.invokeTestMethod(TestInvoker.java:221)
	at org.testng.internal.invokers.MethodRunner.runInSequence(MethodRunner.java:50)
	at org.testng.internal.invokers.TestInvoker$MethodInvocationAgent.invoke(TestInvoker.java:969)
	at org.testng.internal.invokers.TestInvoker.invokeTestMethods(TestInvoker.java:194)
	at org.testng.internal.invokers.TestMethodWorker.invokeTestMethods(TestMethodWorker.java:148)
	at org.testng.internal.invokers.TestMethodWorker.run(TestMethodWorker.java:128)
	at java.base/java.util.ArrayList.forEach(ArrayList.java:1511)
	at org.testng.TestRunner.privateRun(TestRunner.java:829)
	at org.testng.TestRunner.run(TestRunner.java:602)
	at org.testng.SuiteRunner.runTest(SuiteRunner.java:437)
	at org.testng.SuiteRunner.runSequentially(SuiteRunner.java:431)
	at org.testng.SuiteRunner.privateRun(SuiteRunner.java:391)
	at org.testng.SuiteRunner.run(SuiteRunner.java:330)
	at org.testng.SuiteRunnerWorker.runSuite(SuiteRunnerWorker.java:52)
	at org.testng.SuiteRunnerWorker.run(SuiteRunnerWorker.java:95)
	at org.testng.TestNG.runSuitesSequentially(TestNG.java:1256)
	at org.testng.TestNG.runSuitesLocally(TestNG.java:1176)
	at org.testng.TestNG.runSuites(TestNG.java:1099)
	at org.testng.TestNG.run(TestNG.java:1067)
	at org.apache.maven.surefire.testng.TestNGExecutor.run(TestNGExecutor.java:155)
	at org.apache.maven.surefire.testng.TestNGDirectoryTestSuite.executeSingleClass(TestNGDirectoryTestSuite.java:102)
	at org.apache.maven.surefire.testng.TestNGDirectoryTestSuite.execute(TestNGDirectoryTestSuite.java:91)
	at org.apache.maven.surefire.testng.TestNGProvider.invoke(TestNGProvider.java:137)
	at org.apache.maven.surefire.booter.ForkedBooter.runSuitesInProcess(ForkedBooter.java:385)
	at org.apache.maven.surefire.booter.ForkedBooter.execute(ForkedBooter.java:162)
	at org.apache.maven.surefire.booter.ForkedBooter.run(ForkedBooter.java:507)
	at org.apache.maven.surefire.booter.ForkedBooter.main(ForkedBooter.java:495)
]]></failure>
    <system-out><![CDATA[Token is Valid
Request method:	GET
Request URI:	https://api.spotify.com/v1/playlists/27L5BsZ3akYGPINyxe4zTJ
Proxy:			<none>
Request params:	<none>
Query params:	<none>
Form params:	<none>
Path params:	<none>
Headers:		Authorization=Bearer BQAimWVqyq12F14cDFRYWSlozAbxKL3RBGLx_oKQvHCU-gVGzgVDqZGwBPoZy00TW3wg_VKAfQKnMIviiQeJ9mQhy3xHKeI2Bq9zm2JtZAq5mBlN6jX4eP9TMroUBd8hBSzWQvjnu_AF5FcEyeNxN27Vkplnppz2RNjgvugS0w-5kjncg1RCu1QJVcuBVReOyFyur2fvo2uarsman_zJxgRbpHAdD7naUrw5xhLpLXQSDGTUU7emVx0hHKIMvneMAlTiB6JJUttO8A
				Accept=*/*
				Content-Type=application/json
Cookies:		<none>
Multiparts:		<none>
Body:			<none>
HTTP/1.1 200 OK
content-type: application/json; charset=utf-8
cache-control: public, max-age=0
etag: "MC-IjI3YWM3ZDQzZDZkYzM1ZTcwZjhiZjhiMzBjOTI4OThjIg=="
x-robots-tag: noindex, nofollow
access-control-allow-origin: *
access-control-allow-headers: Accept, App-Platform, Authorization, Content-Type, Origin, Retry-After, Spotify-App-Version, X-Cloud-Trace-Context, client-token, content-access-token
access-control-allow-methods: GET, POST, OPTIONS, PUT, DELETE, PATCH
access-control-allow-credentials: true
access-control-max-age: 604800
content-encoding: gzip
strict-transport-security: max-age=31536000
x-content-type-options: nosniff
date: Sat, 13 May 2023 05:24:55 GMT
server: envoy
Via: HTTP/2 edgeproxy, 1.1 google
Alt-Svc: h3=":443"; ma=2592000,h3-29=":443"; ma=2592000
Transfer-Encoding: chunked

{
    "collaborative": false,
    "description": "Descrição API 2",
    "external_urls": {
        "spotify": "https://open.spotify.com/playlist/27L5BsZ3akYGPINyxe4zTJ"
    },
    "followers": {
        "href": null,
        "total": 0
    },
    "href": "https://api.spotify.com/v1/playlists/27L5BsZ3akYGPINyxe4zTJ",
    "id": "27L5BsZ3akYGPINyxe4zTJ",
    "images": [
        
    ],
    "name": "Playlist API 2",
    "owner": {
        "display_name": "22c4ik3nkrsqpzpdcsgfopjfa",
        "external_urls": {
            "spotify": "https://open.spotify.com/user/22c4ik3nkrsqpzpdcsgfopjfa"
        },
        "href": "https://api.spotify.com/v1/users/22c4ik3nkrsqpzpdcsgfopjfa",
        "id": "22c4ik3nkrsqpzpdcsgfopjfa",
        "type": "user",
        "uri": "spotify:user:22c4ik3nkrsqpzpdcsgfopjfa"
    },
    "primary_color": null,
    "public": true,
    "snapshot_id": "Niw2OWIzZWFlOTJlYThlNmRmYjNlMzc5OTgwZWJiY2Q2YzExYWM0MGNm",
    "tracks": {
        "href": "https://api.spotify.com/v1/playlists/27L5BsZ3akYGPINyxe4zTJ/tracks?offset=0&limit=100",
        "items": [
            
        ],
        "limit": 100,
        "next": null,
        "offset": 0,
        "previous": null,
        "total": 0
    },
    "type": "playlist",
    "uri": "spotify:playlist:27L5BsZ3akYGPINyxe4zTJ"
}
]]></system-out>
  </testcase>
  <testcase name="should_not_be_able_create_playlist_with_expired_token" classname="com.spotify.oauth2.tests.PlaylistsTest" time="0.3">
    <system-out><![CDATA[Request method:	POST
Request URI:	https://api.spotify.com/v1/users/22c4ik3nkrsqpzpdcsgfopjfa/playlists
Proxy:			<none>
Request params:	<none>
Query params:	<none>
Form params:	<none>
Path params:	<none>
Headers:		Authorization=Bearer 12345
				Accept=*/*
				Content-Type=application/json
Cookies:		<none>
Multiparts:		<none>
Body:
{
    "description": "DescriÃ§Ã£o API 2",
    "name": "Playlist API 2",
    "public": true
}
HTTP/1.1 401 Unauthorized
www-authenticate: Bearer realm="spotify", error="invalid_token", error_description="Invalid access token"
access-control-allow-origin: *
access-control-allow-headers: Accept, App-Platform, Authorization, Content-Type, Origin, Retry-After, Spotify-App-Version, X-Cloud-Trace-Context, client-token, content-access-token
access-control-allow-methods: GET, POST, OPTIONS, PUT, DELETE, PATCH
access-control-allow-credentials: true
access-control-max-age: 604800
content-type: application/json
content-encoding: gzip
strict-transport-security: max-age=31536000
x-content-type-options: nosniff
date: Sat, 13 May 2023 05:24:55 GMT
server: envoy
Via: HTTP/2 edgeproxy, 1.1 google
Alt-Svc: h3=":443"; ma=2592000,h3-29=":443"; ma=2592000
Transfer-Encoding: chunked

{
    "error": {
        "status": 401,
        "message": "Invalid access token"
    }
}
]]></system-out>
  </testcase>
  <testcase name="should_not_be_able_create_playlist_without_name" classname="com.spotify.oauth2.tests.PlaylistsTest" time="0.28">
    <system-out><![CDATA[Token is Valid
Request method:	POST
Request URI:	https://api.spotify.com/v1/users/22c4ik3nkrsqpzpdcsgfopjfa/playlists
Proxy:			<none>
Request params:	<none>
Query params:	<none>
Form params:	<none>
Path params:	<none>
Headers:		Authorization=Bearer BQAimWVqyq12F14cDFRYWSlozAbxKL3RBGLx_oKQvHCU-gVGzgVDqZGwBPoZy00TW3wg_VKAfQKnMIviiQeJ9mQhy3xHKeI2Bq9zm2JtZAq5mBlN6jX4eP9TMroUBd8hBSzWQvjnu_AF5FcEyeNxN27Vkplnppz2RNjgvugS0w-5kjncg1RCu1QJVcuBVReOyFyur2fvo2uarsman_zJxgRbpHAdD7naUrw5xhLpLXQSDGTUU7emVx0hHKIMvneMAlTiB6JJUttO8A
				Accept=*/*
				Content-Type=application/json
Cookies:		<none>
Multiparts:		<none>
Body:
{
    "description": "DescriÃ§Ã£o API 222",
    "name": "",
    "public": true
}
HTTP/1.1 400 Bad Request
content-type: application/json; charset=utf-8
cache-control: private, max-age=0
x-robots-tag: noindex, nofollow
access-control-allow-origin: *
access-control-allow-headers: Accept, App-Platform, Authorization, Content-Type, Origin, Retry-After, Spotify-App-Version, X-Cloud-Trace-Context, client-token, content-access-token
access-control-allow-methods: GET, POST, OPTIONS, PUT, DELETE, PATCH
access-control-allow-credentials: true
access-control-max-age: 604800
content-encoding: gzip
strict-transport-security: max-age=31536000
x-content-type-options: nosniff
date: Sat, 13 May 2023 05:24:56 GMT
server: envoy
Via: HTTP/2 edgeproxy, 1.1 google
Alt-Svc: h3=":443"; ma=2592000,h3-29=":443"; ma=2592000
Transfer-Encoding: chunked

{
    "error": {
        "status": 400,
        "message": "Missing required field: name"
    }
}
]]></system-out>
  </testcase>
  <testcase name="update_playlist" classname="com.spotify.oauth2.tests.PlaylistsTest" time="0.365">
    <system-out><![CDATA[Token is Valid
Request method:	PUT
Request URI:	https://api.spotify.com/v1/playlists/27L5BsZ3akYGPINyxe4zTJ
Proxy:			<none>
Request params:	<none>
Query params:	<none>
Form params:	<none>
Path params:	<none>
Headers:		Authorization=Bearer BQAimWVqyq12F14cDFRYWSlozAbxKL3RBGLx_oKQvHCU-gVGzgVDqZGwBPoZy00TW3wg_VKAfQKnMIviiQeJ9mQhy3xHKeI2Bq9zm2JtZAq5mBlN6jX4eP9TMroUBd8hBSzWQvjnu_AF5FcEyeNxN27Vkplnppz2RNjgvugS0w-5kjncg1RCu1QJVcuBVReOyFyur2fvo2uarsman_zJxgRbpHAdD7naUrw5xhLpLXQSDGTUU7emVx0hHKIMvneMAlTiB6JJUttO8A
				Accept=*/*
				Content-Type=application/json
Cookies:		<none>
Multiparts:		<none>
Body:
{
    "description": "DescriÃ§Ã£o API 2",
    "name": "Playlist API 2",
    "public": true
}
]]></system-out>
  </testcase>
</testsuite>